Running: fuse.exe -relaunch -intstyle "ise" -incremental -o "C:/Users/lab/Desktop/POMOCE PROJEKT UCISW 2/PS2_RX/PS2_RX_TB_isim_beh.exe" -prj "C:/Users/lab/Desktop/POMOCE PROJEKT UCISW 2/PS2_RX/PS2_RX_TB_beh.prj" "work.PS2_RX_TB" 
ISim P.20131013 (signature 0x8ef4fb42)
Number of CPUs detected in this system: 2
Turning on mult-threading, number of parallel sub-compilation jobs: 4 
Determining compilation order of HDL files
Parsing VHDL file "C:/Users/lab/Desktop/POMOCE PROJEKT UCISW 2/PS2_RX/PS2_RX.vhd" into library work
Parsing VHDL file "C:/Users/lab/Desktop/POMOCE PROJEKT UCISW 2/PS2_RX/PS2_RX_TB.vhd" into library work
Starting static elaboration
Completed static elaboration
Fuse Memory Usage: 110896 KB
Fuse CPU Usage: 280 ms
Compiling package standard
Compiling package std_logic_1164
Compiling package numeric_std
Compiling package std_logic_arith
Compiling package std_logic_signed
Compiling architecture behavioral of entity PS2_RX [ps2_rx_default]
Compiling architecture behavior of entity ps2_rx_tb
Time Resolution for simulation is 1ps.
Waiting for 3 sub-compilation(s) to finish...
Compiled 8 VHDL Units
Built simulation executable C:/Users/lab/Desktop/POMOCE PROJEKT UCISW 2/PS2_RX/PS2_RX_TB_isim_beh.exe
Fuse Memory Usage: 129760 KB
Fuse CPU Usage: 483 ms
